<?xml version="1.0" encoding="UTF-8"?>
<!-- Generated by org.testng.reporters.JUnitReportReporter -->
<testsuite hostname="deepanjalis-MacBook-Pro.local" failures="0" tests="2" name="org.FirstMavenProj.AppTest" time="0.039" errors="0" timestamp="18 Nov 2021 09:34:04 GMT" skipped="0">
  <testcase classname="org.FirstMavenProj.AppTest" name="method1" time="0.006"/>
  <testcase classname="org.FirstMavenProj.AppTest" name="add" time="0.033"/>
</testsuite> <!-- org.FirstMavenProj.AppTest -->
