<?xml version="1.0" encoding="UTF-8"?>
<!-- Generated by org.testng.reporters.JUnitReportReporter -->
<testsuite hostname="deepanjalis-MacBook-Pro.local" failures="0" tests="1" name="AssertionTest" time="0.000" errors="0" timestamp="20 Nov 2021 15:23:54 GMT" skipped="0">
  <testcase classname="AssertionTest" name="twonumber" time="0.000"/>
</testsuite> <!-- AssertionTest -->
