<?xml version="1.0" encoding="UTF-8"?>
<!-- Generated by org.testng.reporters.JUnitReportReporter -->
<testsuite hostname="deepanjalis-MacBook-Pro.local" failures="0" tests="2" name="org.FirstMavenProj.AppTest" time="0.008" errors="0" timestamp="20 Nov 2021 15:23:54 GMT" skipped="0">
  <testcase classname="org.FirstMavenProj.AppTest" name="add" time="0.004"/>
  <testcase classname="org.FirstMavenProj.AppTest" name="method1" time="0.004"/>
</testsuite> <!-- org.FirstMavenProj.AppTest -->
